d:\github\waterflowrt\waterflowrt\waterflowrt\x64\release\vc142.pdb
d:\github\waterflowrt\waterflowrt\waterflowrt\x64\release\shaderprogram.obj
d:\github\waterflowrt\waterflowrt\waterflowrt\x64\release\shader.obj
d:\github\waterflowrt\waterflowrt\waterflowrt\x64\release\main.obj
d:\github\waterflowrt\waterflowrt\waterflowrt\x64\release\renderengineswstepped.obj
d:\github\waterflowrt\waterflowrt\waterflowrt\x64\release\renderengine.obj
d:\github\waterflowrt\waterflowrt\waterflowrt\x64\release\ray.obj
d:\github\waterflowrt\waterflowrt\waterflowrt\x64\release\camera.obj
d:\github\waterflowrt\waterflowrt\waterflowrt\x64\release\gamemanager.obj
d:\github\waterflowrt\waterflowrt\waterflowrt\x64\release\world.obj
d:\github\waterflowrt\waterflowrt\x64\release\waterflowrt.exe
d:\github\waterflowrt\waterflowrt\x64\release\waterflowrt.pdb
d:\github\waterflowrt\waterflowrt\x64\release\waterflowrt.ipdb
d:\github\waterflowrt\waterflowrt\x64\release\waterflowrt.iobj
d:\github\waterflowrt\waterflowrt\waterflowrt\x64\release\waterflowrt.tlog\cl.command.1.tlog
d:\github\waterflowrt\waterflowrt\waterflowrt\x64\release\waterflowrt.tlog\cl.write.1.tlog
d:\github\waterflowrt\waterflowrt\waterflowrt\x64\release\waterflowrt.tlog\link.command.1.tlog
d:\github\waterflowrt\waterflowrt\waterflowrt\x64\release\waterflowrt.tlog\link.delete.1.tlog
d:\github\waterflowrt\waterflowrt\waterflowrt\x64\release\waterflowrt.tlog\link.read.1.tlog
d:\github\waterflowrt\waterflowrt\waterflowrt\x64\release\waterflowrt.tlog\link.write.1.tlog
d:\github\waterflowrt\waterflowrt\waterflowrt\x64\release\waterflowrt.tlog\waterflowrt.write.1u.tlog
