  RenderEngineSWStepped.cpp
D:\Github\WaterFlowRT\WaterflowRT\WaterflowRT\Voxel.h(6,23): warning C4305:  'initializing': truncation from 'double' to 'float'
D:\Github\WaterFlowRT\WaterflowRT\WaterflowRT\World.h(11,24): warning C4305:  'initializing': truncation from 'double' to 'float'
D:\Github\WaterFlowRT\WaterflowRT\WaterflowRT\RenderEngineSWStepped.h(11,39): warning C4305:  'initializing': truncation from 'double' to 'const float'
D:\Github\WaterFlowRT\WaterflowRT\WaterflowRT\RenderEngineSWStepped.cpp(58,15): warning C4244:  'initializing': conversion from 'double' to 'float', possible loss of data
D:\Github\WaterFlowRT\WaterflowRT\WaterflowRT\RenderEngineSWStepped.cpp(59,16): warning C4244:  'initializing': conversion from 'double' to 'float', possible loss of data
D:\Github\WaterFlowRT\WaterflowRT\WaterflowRT\RenderEngineSWStepped.cpp(91,15): warning C4244:  'initializing': conversion from 'float' to 'int', possible loss of data
D:\Github\WaterFlowRT\WaterflowRT\WaterflowRT\RenderEngineSWStepped.cpp(98,64): warning C4244:  'argument': conversion from 'T' to 'int', possible loss of data
D:\Github\WaterFlowRT\WaterflowRT\WaterflowRT\RenderEngineSWStepped.cpp(98,64): warning C4244:         with
D:\Github\WaterFlowRT\WaterflowRT\WaterflowRT\RenderEngineSWStepped.cpp(98,64): warning C4244:         [
D:\Github\WaterFlowRT\WaterflowRT\WaterflowRT\RenderEngineSWStepped.cpp(98,64): warning C4244:             T=float
D:\Github\WaterFlowRT\WaterflowRT\WaterflowRT\RenderEngineSWStepped.cpp(98,64): warning C4244:         ]
D:\Github\WaterFlowRT\WaterflowRT\WaterflowRT\RenderEngineSWStepped.cpp(98,50): warning C4244:  'argument': conversion from 'T' to 'int', possible loss of data
D:\Github\WaterFlowRT\WaterflowRT\WaterflowRT\RenderEngineSWStepped.cpp(98,50): warning C4244:         with
D:\Github\WaterFlowRT\WaterflowRT\WaterflowRT\RenderEngineSWStepped.cpp(98,50): warning C4244:         [
D:\Github\WaterFlowRT\WaterflowRT\WaterflowRT\RenderEngineSWStepped.cpp(98,50): warning C4244:             T=float
D:\Github\WaterFlowRT\WaterflowRT\WaterflowRT\RenderEngineSWStepped.cpp(98,50): warning C4244:         ]
D:\Github\WaterFlowRT\WaterflowRT\WaterflowRT\RenderEngineSWStepped.cpp(98,36): warning C4244:  'argument': conversion from 'T' to 'int', possible loss of data
D:\Github\WaterFlowRT\WaterflowRT\WaterflowRT\RenderEngineSWStepped.cpp(98,36): warning C4244:         with
D:\Github\WaterFlowRT\WaterflowRT\WaterflowRT\RenderEngineSWStepped.cpp(98,36): warning C4244:         [
D:\Github\WaterFlowRT\WaterflowRT\WaterflowRT\RenderEngineSWStepped.cpp(98,36): warning C4244:             T=float
D:\Github\WaterFlowRT\WaterflowRT\WaterflowRT\RenderEngineSWStepped.cpp(98,36): warning C4244:         ]
D:\Github\WaterFlowRT\WaterflowRT\WaterflowRT\RenderEngineSWStepped.cpp(100,68): warning C4244:  'argument': conversion from 'T' to 'int', possible loss of data
D:\Github\WaterFlowRT\WaterflowRT\WaterflowRT\RenderEngineSWStepped.cpp(100,68): warning C4244:         with
D:\Github\WaterFlowRT\WaterflowRT\WaterflowRT\RenderEngineSWStepped.cpp(100,68): warning C4244:         [
D:\Github\WaterFlowRT\WaterflowRT\WaterflowRT\RenderEngineSWStepped.cpp(100,68): warning C4244:             T=float
D:\Github\WaterFlowRT\WaterflowRT\WaterflowRT\RenderEngineSWStepped.cpp(100,68): warning C4244:         ]
D:\Github\WaterFlowRT\WaterflowRT\WaterflowRT\RenderEngineSWStepped.cpp(100,54): warning C4244:  'argument': conversion from 'T' to 'int', possible loss of data
D:\Github\WaterFlowRT\WaterflowRT\WaterflowRT\RenderEngineSWStepped.cpp(100,54): warning C4244:         with
D:\Github\WaterFlowRT\WaterflowRT\WaterflowRT\RenderEngineSWStepped.cpp(100,54): warning C4244:         [
D:\Github\WaterFlowRT\WaterflowRT\WaterflowRT\RenderEngineSWStepped.cpp(100,54): warning C4244:             T=float
D:\Github\WaterFlowRT\WaterflowRT\WaterflowRT\RenderEngineSWStepped.cpp(100,54): warning C4244:         ]
D:\Github\WaterFlowRT\WaterflowRT\WaterflowRT\RenderEngineSWStepped.cpp(100,40): warning C4244:  'argument': conversion from 'T' to 'int', possible loss of data
D:\Github\WaterFlowRT\WaterflowRT\WaterflowRT\RenderEngineSWStepped.cpp(100,40): warning C4244:         with
D:\Github\WaterFlowRT\WaterflowRT\WaterflowRT\RenderEngineSWStepped.cpp(100,40): warning C4244:         [
D:\Github\WaterFlowRT\WaterflowRT\WaterflowRT\RenderEngineSWStepped.cpp(100,40): warning C4244:             T=float
D:\Github\WaterFlowRT\WaterflowRT\WaterflowRT\RenderEngineSWStepped.cpp(100,40): warning C4244:         ]
D:\Github\WaterFlowRT\WaterflowRT\WaterflowRT\RenderEngineSWStepped.cpp(130,58): warning C4244:  'argument': conversion from 'T' to 'int', possible loss of data
D:\Github\WaterFlowRT\WaterflowRT\WaterflowRT\RenderEngineSWStepped.cpp(130,58): warning C4244:         with
D:\Github\WaterFlowRT\WaterflowRT\WaterflowRT\RenderEngineSWStepped.cpp(130,58): warning C4244:         [
D:\Github\WaterFlowRT\WaterflowRT\WaterflowRT\RenderEngineSWStepped.cpp(130,58): warning C4244:             T=float
D:\Github\WaterFlowRT\WaterflowRT\WaterflowRT\RenderEngineSWStepped.cpp(130,58): warning C4244:         ]
D:\Github\WaterFlowRT\WaterflowRT\WaterflowRT\RenderEngineSWStepped.cpp(130,45): warning C4244:  'argument': conversion from 'T' to 'int', possible loss of data
D:\Github\WaterFlowRT\WaterflowRT\WaterflowRT\RenderEngineSWStepped.cpp(130,45): warning C4244:         with
D:\Github\WaterFlowRT\WaterflowRT\WaterflowRT\RenderEngineSWStepped.cpp(130,45): warning C4244:         [
D:\Github\WaterFlowRT\WaterflowRT\WaterflowRT\RenderEngineSWStepped.cpp(130,45): warning C4244:             T=float
D:\Github\WaterFlowRT\WaterflowRT\WaterflowRT\RenderEngineSWStepped.cpp(130,45): warning C4244:         ]
D:\Github\WaterFlowRT\WaterflowRT\WaterflowRT\RenderEngineSWStepped.cpp(130,32): warning C4244:  'argument': conversion from 'T' to 'int', possible loss of data
D:\Github\WaterFlowRT\WaterflowRT\WaterflowRT\RenderEngineSWStepped.cpp(130,32): warning C4244:         with
D:\Github\WaterFlowRT\WaterflowRT\WaterflowRT\RenderEngineSWStepped.cpp(130,32): warning C4244:         [
D:\Github\WaterFlowRT\WaterflowRT\WaterflowRT\RenderEngineSWStepped.cpp(130,32): warning C4244:             T=float
D:\Github\WaterFlowRT\WaterflowRT\WaterflowRT\RenderEngineSWStepped.cpp(130,32): warning C4244:         ]
D:\Github\WaterFlowRT\WaterflowRT\WaterflowRT\RenderEngineSWStepped.cpp(136,64): warning C4244:  'argument': conversion from 'T' to 'int', possible loss of data
D:\Github\WaterFlowRT\WaterflowRT\WaterflowRT\RenderEngineSWStepped.cpp(136,64): warning C4244:         with
D:\Github\WaterFlowRT\WaterflowRT\WaterflowRT\RenderEngineSWStepped.cpp(136,64): warning C4244:         [
D:\Github\WaterFlowRT\WaterflowRT\WaterflowRT\RenderEngineSWStepped.cpp(136,64): warning C4244:             T=float
D:\Github\WaterFlowRT\WaterflowRT\WaterflowRT\RenderEngineSWStepped.cpp(136,64): warning C4244:         ]
D:\Github\WaterFlowRT\WaterflowRT\WaterflowRT\RenderEngineSWStepped.cpp(136,50): warning C4244:  'argument': conversion from 'T' to 'int', possible loss of data
D:\Github\WaterFlowRT\WaterflowRT\WaterflowRT\RenderEngineSWStepped.cpp(136,50): warning C4244:         with
D:\Github\WaterFlowRT\WaterflowRT\WaterflowRT\RenderEngineSWStepped.cpp(136,50): warning C4244:         [
D:\Github\WaterFlowRT\WaterflowRT\WaterflowRT\RenderEngineSWStepped.cpp(136,50): warning C4244:             T=float
D:\Github\WaterFlowRT\WaterflowRT\WaterflowRT\RenderEngineSWStepped.cpp(136,50): warning C4244:         ]
D:\Github\WaterFlowRT\WaterflowRT\WaterflowRT\RenderEngineSWStepped.cpp(136,36): warning C4244:  'argument': conversion from 'T' to 'int', possible loss of data
D:\Github\WaterFlowRT\WaterflowRT\WaterflowRT\RenderEngineSWStepped.cpp(136,36): warning C4244:         with
D:\Github\WaterFlowRT\WaterflowRT\WaterflowRT\RenderEngineSWStepped.cpp(136,36): warning C4244:         [
D:\Github\WaterFlowRT\WaterflowRT\WaterflowRT\RenderEngineSWStepped.cpp(136,36): warning C4244:             T=float
D:\Github\WaterFlowRT\WaterflowRT\WaterflowRT\RenderEngineSWStepped.cpp(136,36): warning C4244:         ]
D:\Github\WaterFlowRT\WaterflowRT\WaterflowRT\RenderEngineSWStepped.cpp(144,60): warning C4244:  'argument': conversion from 'T' to 'int', possible loss of data
D:\Github\WaterFlowRT\WaterflowRT\WaterflowRT\RenderEngineSWStepped.cpp(144,60): warning C4244:         with
D:\Github\WaterFlowRT\WaterflowRT\WaterflowRT\RenderEngineSWStepped.cpp(144,60): warning C4244:         [
D:\Github\WaterFlowRT\WaterflowRT\WaterflowRT\RenderEngineSWStepped.cpp(144,60): warning C4244:             T=float
D:\Github\WaterFlowRT\WaterflowRT\WaterflowRT\RenderEngineSWStepped.cpp(144,60): warning C4244:         ]
D:\Github\WaterFlowRT\WaterflowRT\WaterflowRT\RenderEngineSWStepped.cpp(144,46): warning C4244:  'argument': conversion from 'T' to 'int', possible loss of data
D:\Github\WaterFlowRT\WaterflowRT\WaterflowRT\RenderEngineSWStepped.cpp(144,46): warning C4244:         with
D:\Github\WaterFlowRT\WaterflowRT\WaterflowRT\RenderEngineSWStepped.cpp(144,46): warning C4244:         [
D:\Github\WaterFlowRT\WaterflowRT\WaterflowRT\RenderEngineSWStepped.cpp(144,46): warning C4244:             T=float
D:\Github\WaterFlowRT\WaterflowRT\WaterflowRT\RenderEngineSWStepped.cpp(144,46): warning C4244:         ]
D:\Github\WaterFlowRT\WaterflowRT\WaterflowRT\RenderEngineSWStepped.cpp(144,32): warning C4244:  'argument': conversion from 'T' to 'int', possible loss of data
D:\Github\WaterFlowRT\WaterflowRT\WaterflowRT\RenderEngineSWStepped.cpp(144,32): warning C4244:         with
D:\Github\WaterFlowRT\WaterflowRT\WaterflowRT\RenderEngineSWStepped.cpp(144,32): warning C4244:         [
D:\Github\WaterFlowRT\WaterflowRT\WaterflowRT\RenderEngineSWStepped.cpp(144,32): warning C4244:             T=float
D:\Github\WaterFlowRT\WaterflowRT\WaterflowRT\RenderEngineSWStepped.cpp(144,32): warning C4244:         ]
D:\Github\WaterFlowRT\WaterflowRT\WaterflowRT\RenderEngineSWStepped.cpp(150,96): warning C4244:  'argument': conversion from 'T' to 'int', possible loss of data
D:\Github\WaterFlowRT\WaterflowRT\WaterflowRT\RenderEngineSWStepped.cpp(150,96): warning C4244:         with
D:\Github\WaterFlowRT\WaterflowRT\WaterflowRT\RenderEngineSWStepped.cpp(150,96): warning C4244:         [
D:\Github\WaterFlowRT\WaterflowRT\WaterflowRT\RenderEngineSWStepped.cpp(150,96): warning C4244:             T=float
D:\Github\WaterFlowRT\WaterflowRT\WaterflowRT\RenderEngineSWStepped.cpp(150,96): warning C4244:         ]
D:\Github\WaterFlowRT\WaterflowRT\WaterflowRT\RenderEngineSWStepped.cpp(150,82): warning C4244:  'argument': conversion from 'T' to 'int', possible loss of data
D:\Github\WaterFlowRT\WaterflowRT\WaterflowRT\RenderEngineSWStepped.cpp(150,82): warning C4244:         with
D:\Github\WaterFlowRT\WaterflowRT\WaterflowRT\RenderEngineSWStepped.cpp(150,82): warning C4244:         [
D:\Github\WaterFlowRT\WaterflowRT\WaterflowRT\RenderEngineSWStepped.cpp(150,82): warning C4244:             T=float
D:\Github\WaterFlowRT\WaterflowRT\WaterflowRT\RenderEngineSWStepped.cpp(150,82): warning C4244:         ]
D:\Github\WaterFlowRT\WaterflowRT\WaterflowRT\RenderEngineSWStepped.cpp(150,68): warning C4244:  'argument': conversion from 'T' to 'int', possible loss of data
D:\Github\WaterFlowRT\WaterflowRT\WaterflowRT\RenderEngineSWStepped.cpp(150,68): warning C4244:         with
D:\Github\WaterFlowRT\WaterflowRT\WaterflowRT\RenderEngineSWStepped.cpp(150,68): warning C4244:         [
D:\Github\WaterFlowRT\WaterflowRT\WaterflowRT\RenderEngineSWStepped.cpp(150,68): warning C4244:             T=float
D:\Github\WaterFlowRT\WaterflowRT\WaterflowRT\RenderEngineSWStepped.cpp(150,68): warning C4244:         ]
D:\Github\WaterFlowRT\WaterflowRT\WaterflowRT\RenderEngineSWStepped.cpp(150,18): warning C4244:  'initializing': conversion from 'double' to 'float', possible loss of data
D:\Github\WaterFlowRT\WaterflowRT\WaterflowRT\RenderEngineSWStepped.cpp(182): warning C4715:  'RenderEngineSWStepped::GetPixel': not all control paths return a value
  WaterflowRT.vcxproj -> D:\Github\WaterFlowRT\WaterflowRT\x64\Debug\WaterflowRT.exe
